<?xml version="1.0" encoding="UTF-8"?>
<!-- Generated by org.testng.reporters.JUnitXMLReporter -->
<testsuite hostname="BLRL013" name="Test" tests="2" failures="0" timestamp="20 Dec 2017 13:28:00 GMT" time="42.943" errors="0">
  <testcase name="@AfterTest stop_process" time="0.0" classname="Scenario_Component.FC_001_companyProfile">
    <failure type="java.lang.AssertionError" message="The following asserts failed:
null">
      <![CDATA[java.lang.AssertionError: The following asserts failed:
null
	at Scenario_Component.FC_001_companyProfile.stop_process(FC_001_companyProfile.java:50)
... Removed 23 stack frames]]>
    </failure>
  </testcase> <!-- @AfterTest stop_process -->
  <testcase name="test_case1" time="0.708" classname="Scenario_Component.FC_001_companyProfile"/>
  <testcase name="test_case2" time="0.005" classname="Scenario_Component.FC_001_companyProfile"/>
</testsuite> <!-- Test -->
